<?xml version="1.0" encoding="UTF-8" ?>
<testsuite tests="1" failures="0" name="com.whitesheep.platform.ApplicationTest" time="0.001" errors="0" skipped="0">
  <properties>
    <property name="java.runtime.name" value="Java(TM) SE Runtime Environment"/>
    <property name="netbeans.run.params.debug" value="-J-Dnetbeans.patches.com.whitesheep.api=/home/timotius/Desktop/openshift/platform/api/target/classes -J-Dnetbeans.patches.com.whitesheep.platform.branding=/home/timotius/Desktop/openshift/platform/branding/target/classes -J-Dnetbeans.patches.com.whitesheep.ui=/home/timotius/Desktop/openshift/platform/ui/target/classes -J-Dnetbeans.patches.com.whitesheep.login=/home/timotius/Desktop/openshift/platform/login/target/classes"/>
    <property name="sun.boot.library.path" value="/home/timotius/jdk1.8.0_25/jre/lib/i386"/>
    <property name="java.vm.version" value="25.25-b02"/>
    <property name="java.vm.vendor" value="Oracle Corporation"/>
    <property name="java.vendor.url" value="http://java.oracle.com/"/>
    <property name="path.separator" value=":"/>
    <property name="guice.disable.misplaced.annotation.check" value="true"/>
    <property name="java.vm.name" value="Java HotSpot(TM) Server VM"/>
    <property name="file.encoding.pkg" value="sun.io"/>
    <property name="user.country" value="US"/>
    <property name="sun.java.launcher" value="SUN_STANDARD"/>
    <property name="sun.os.patch.level" value="unknown"/>
    <property name="java.vm.specification.name" value="Java Virtual Machine Specification"/>
    <property name="user.dir" value="/home/timotius/Desktop/openshift/platform"/>
    <property name="java.runtime.version" value="1.8.0_25-b17"/>
    <property name="java.awt.graphicsenv" value="sun.awt.X11GraphicsEnvironment"/>
    <property name="java.endorsed.dirs" value="/home/timotius/jdk1.8.0_25/jre/lib/endorsed"/>
    <property name="os.arch" value="i386"/>
    <property name="java.io.tmpdir" value="/tmp"/>
    <property name="line.separator" value="
"/>
    <property name="java.vm.specification.vendor" value="Oracle Corporation"/>
    <property name="os.name" value="Linux"/>
    <property name="maven.ext.class.path" value="/home/timotius/netbeans-8.0.2/java/maven-nblib/netbeans-eventspy.jar"/>
    <property name="classworlds.conf" value="/home/timotius/netbeans-8.0.2/java/maven/bin/m2.conf"/>
    <property name="sun.jnu.encoding" value="UTF-8"/>
    <property name="java.library.path" value="/home/timotius/jdk1.8.0_25/jre/lib/amd64:/home/timotius/jdk1.8.0_25/jre/lib/i386::/usr/java/packages/lib/i386:/lib:/usr/lib"/>
    <property name="java.specification.name" value="Java Platform API Specification"/>
    <property name="java.class.version" value="52.0"/>
    <property name="sun.management.compiler" value="HotSpot Tiered Compilers"/>
    <property name="os.version" value="3.13.0-32-generic"/>
    <property name="user.home" value="/home/timotius"/>
    <property name="user.timezone" value="Asia/Jakarta"/>
    <property name="java.awt.printerjob" value="sun.print.PSPrinterJob"/>
    <property name="java.specification.version" value="1.8"/>
    <property name="file.encoding" value="UTF-8"/>
    <property name="user.name" value="timotius"/>
    <property name="java.class.path" value="/home/timotius/netbeans-8.0.2/java/maven/boot/plexus-classworlds-2.4.jar"/>
    <property name="java.vm.specification.version" value="1.8"/>
    <property name="sun.arch.data.model" value="32"/>
    <property name="java.home" value="/home/timotius/jdk1.8.0_25/jre"/>
    <property name="sun.java.command" value="org.codehaus.plexus.classworlds.launcher.Launcher -Dnetbeans.run.params.debug=-J-Dnetbeans.patches.com.whitesheep.api=/home/timotius/Desktop/openshift/platform/api/target/classes -J-Dnetbeans.patches.com.whitesheep.platform.branding=/home/timotius/Desktop/openshift/platform/branding/target/classes -J-Dnetbeans.patches.com.whitesheep.ui=/home/timotius/Desktop/openshift/platform/ui/target/classes -J-Dnetbeans.patches.com.whitesheep.login=/home/timotius/Desktop/openshift/platform/login/target/classes -Dmaven.ext.class.path=/home/timotius/netbeans-8.0.2/java/maven-nblib/netbeans-eventspy.jar --also-make --projects application install"/>
    <property name="java.specification.vendor" value="Oracle Corporation"/>
    <property name="user.language" value="en"/>
    <property name="awt.toolkit" value="sun.awt.X11.XToolkit"/>
    <property name="java.vm.info" value="mixed mode"/>
    <property name="java.version" value="1.8.0_25"/>
    <property name="java.ext.dirs" value="/home/timotius/jdk1.8.0_25/jre/lib/ext:/usr/java/packages/lib/ext"/>
    <property name="securerandom.source" value="file:/dev/./urandom"/>
    <property name="sun.boot.class.path" value="/home/timotius/jdk1.8.0_25/jre/lib/resources.jar:/home/timotius/jdk1.8.0_25/jre/lib/rt.jar:/home/timotius/jdk1.8.0_25/jre/lib/sunrsasign.jar:/home/timotius/jdk1.8.0_25/jre/lib/jsse.jar:/home/timotius/jdk1.8.0_25/jre/lib/jce.jar:/home/timotius/jdk1.8.0_25/jre/lib/charsets.jar:/home/timotius/jdk1.8.0_25/jre/lib/jfr.jar:/home/timotius/jdk1.8.0_25/jre/classes"/>
    <property name="java.vendor" value="Oracle Corporation"/>
    <property name="maven.home" value="/home/timotius/netbeans-8.0.2/java/maven"/>
    <property name="file.separator" value="/"/>
    <property name="java.vendor.url.bug" value="http://bugreport.sun.com/bugreport/"/>
    <property name="sun.cpu.endian" value="little"/>
    <property name="sun.io.unicode.encoding" value="UnicodeLittle"/>
    <property name="sun.desktop" value="gnome"/>
    <property name="sun.cpu.isalist" value=""/>
  </properties>
  <testcase classname="com.whitesheep.platform.ApplicationTest" name="testApplication" time="0.001"/>
</testsuite>